<?xml version="1.0" encoding="UTF-8"?>
<testng-results ignored="0" total="2" passed="2" failed="0" skipped="0">
  <reporter-output>
  </reporter-output>
  <suite started-at="2018-08-28T08:13:11Z" name="Default suite" finished-at="2018-08-28T08:13:46Z" duration-ms="35210">
    <groups>
    </groups>
    <test started-at="2018-08-28T08:13:11Z" name="Default test" finished-at="2018-08-28T08:13:46Z" duration-ms="35210">
      <class name="com.qa.testcases.LoginFreeCrm">
        <test-method signature="loginAction()[pri:1, instance:com.qa.testcases.LoginFreeCrm@63070bab]" started-at="2018-08-28T13:43:11Z" name="loginAction" finished-at="2018-08-28T13:43:39Z" duration-ms="27581" status="PASS">
          <reporter-output>
          </reporter-output>
        </test-method> <!-- loginAction -->
        <test-method signature="logOutAction()[pri:2, instance:com.qa.testcases.LoginFreeCrm@63070bab]" started-at="2018-08-28T13:43:39Z" name="logOutAction" finished-at="2018-08-28T13:43:46Z" duration-ms="7585" status="PASS">
          <reporter-output>
          </reporter-output>
        </test-method> <!-- logOutAction -->
      </class> <!-- com.qa.testcases.LoginFreeCrm -->
    </test> <!-- Default test -->
  </suite> <!-- Default suite -->
</testng-results>
